{"level":"info","message":"BlogList page called ","timestamp":"2023-10-15T12:46:42.655Z"}
{"level":"info","message":"Server getBlogList called ","timestamp":"2023-10-15T12:46:42.656Z"}
{"level":"info","message":"Post page called ","timestamp":"2023-10-15T12:46:42.685Z"}
{"level":"info","message":"CreatePost page called ","timestamp":"2023-10-15T12:46:42.716Z"}
{"level":"info","message":"Server getBlogPost called ","timestamp":"2023-10-15T12:46:42.686Z"}
{"level":"info","message":"Post page called ","timestamp":"2023-10-15T12:46:42.774Z"}
{"level":"info","message":"Server getBlogPost called ","timestamp":"2023-10-15T12:46:42.775Z"}
{"level":"info","message":"CreatePost page called ","timestamp":"2023-10-15T12:46:42.905Z"}
{"level":"info","message":"Post page called ","timestamp":"2023-10-15T12:46:42.723Z"}
{"level":"info","message":"Server getBlogPost called ","timestamp":"2023-10-15T12:46:42.724Z"}
{"level":"info","message":"Post page called ","timestamp":"2023-10-15T12:46:43.440Z"}
{"level":"info","message":"Server getBlogPost called ","timestamp":"2023-10-15T12:46:43.440Z"}
{"level":"info","message":"Post page called ","timestamp":"2023-10-15T12:46:43.478Z"}
{"level":"info","message":"Server getBlogPost called ","timestamp":"2023-10-15T12:46:43.479Z"}
{"level":"info","message":"Post page called ","timestamp":"2023-10-15T12:46:43.483Z"}
{"level":"info","message":"Server getBlogPost called ","timestamp":"2023-10-15T12:46:43.484Z"}
{"level":"info","message":"Server getPostsComments called ","timestamp":"2023-10-15T12:46:43.690Z"}
{"level":"info","message":"Server getPostsComments called ","timestamp":"2023-10-15T12:46:44.313Z"}
{"level":"info","message":"Server getPostsComments called ","timestamp":"2023-10-15T12:46:44.314Z"}
{"level":"info","message":"BlogList page called ","timestamp":"2023-10-15T12:46:44.565Z"}
{"level":"info","message":"Server getBlogList called ","timestamp":"2023-10-15T12:46:44.565Z"}
{"level":"info","message":"Server getPostsComments called ","timestamp":"2023-10-15T12:46:44.606Z"}
{"level":"info","message":"Server getPostsComments called ","timestamp":"2023-10-15T12:46:44.702Z"}
{"level":"info","message":"Server getPostsComments called ","timestamp":"2023-10-15T12:46:44.702Z"}
{"level":"info","message":"Post page called ","timestamp":"2023-10-15T12:46:44.889Z"}
{"level":"info","message":"Server getBlogPost called ","timestamp":"2023-10-15T12:46:44.889Z"}
{"level":"info","message":"Post page called ","timestamp":"2023-10-15T12:46:44.972Z"}
{"level":"info","message":"Post page called ","timestamp":"2023-10-15T12:46:44.974Z"}
{"level":"info","message":"Server getBlogPost called ","timestamp":"2023-10-15T12:46:44.972Z"}
{"level":"info","message":"Server getBlogPost called ","timestamp":"2023-10-15T12:46:44.974Z"}
{"level":"info","message":"Post page called ","timestamp":"2023-10-15T12:46:44.981Z"}
{"level":"info","message":"Server getBlogPost called ","timestamp":"2023-10-15T12:46:44.981Z"}
{"level":"info","message":"Post page called ","timestamp":"2023-10-15T12:46:44.992Z"}
{"level":"info","message":"Server getBlogPost called ","timestamp":"2023-10-15T12:46:44.992Z"}
{"level":"info","message":"Post page called ","timestamp":"2023-10-15T12:46:45.040Z"}
{"level":"info","message":"Server getBlogPost called ","timestamp":"2023-10-15T12:46:45.041Z"}
{"level":"info","message":"Post page called ","timestamp":"2023-10-15T12:46:45.067Z"}
{"level":"info","message":"Server getBlogPost called ","timestamp":"2023-10-15T12:46:45.067Z"}
{"level":"info","message":"Server getPostsComments called ","timestamp":"2023-10-15T12:46:45.086Z"}
{"level":"info","message":"Server getPostsComments called ","timestamp":"2023-10-15T12:46:45.086Z"}
{"level":"info","message":"Server getPostsComments called ","timestamp":"2023-10-15T12:46:45.091Z"}
{"level":"info","message":"Server getPostsComments called ","timestamp":"2023-10-15T12:46:45.097Z"}
{"level":"info","message":"Server getPostsComments called ","timestamp":"2023-10-15T12:46:45.118Z"}
{"level":"info","message":"Server getPostsComments called ","timestamp":"2023-10-15T12:46:45.120Z"}
{"level":"info","message":"Server getPostsComments called ","timestamp":"2023-10-15T12:46:45.129Z"}
{"level":"info","message":"Post page called ","timestamp":"2023-10-15T12:46:45.158Z"}
{"level":"info","message":"Server getBlogPost called ","timestamp":"2023-10-15T12:46:45.158Z"}
{"level":"info","message":"Post page called ","timestamp":"2023-10-15T12:46:45.159Z"}
{"level":"info","message":"Post page called ","timestamp":"2023-10-15T12:46:45.159Z"}
{"level":"info","message":"Server getBlogPost called ","timestamp":"2023-10-15T12:46:45.160Z"}
{"level":"info","message":"Server getBlogPost called ","timestamp":"2023-10-15T12:46:45.159Z"}
{"level":"info","message":"Post page called ","timestamp":"2023-10-15T12:46:45.171Z"}
{"level":"info","message":"Server getBlogPost called ","timestamp":"2023-10-15T12:46:45.171Z"}
{"level":"info","message":"Post page called ","timestamp":"2023-10-15T12:46:45.179Z"}
{"level":"info","message":"Server getBlogPost called ","timestamp":"2023-10-15T12:46:45.179Z"}
{"level":"info","message":"Post page called ","timestamp":"2023-10-15T12:46:45.294Z"}
{"level":"info","message":"Server getBlogPost called ","timestamp":"2023-10-15T12:46:45.294Z"}
{"level":"info","message":"Post page called ","timestamp":"2023-10-15T12:46:45.390Z"}
{"level":"info","message":"Server getBlogPost called ","timestamp":"2023-10-15T12:46:45.390Z"}
{"level":"info","message":"Server getPostsComments called ","timestamp":"2023-10-15T12:46:45.564Z"}
{"level":"info","message":"Server getPostsComments called ","timestamp":"2023-10-15T12:46:45.570Z"}
{"level":"info","message":"Server getPostsComments called ","timestamp":"2023-10-15T12:46:45.571Z"}
{"level":"info","message":"Server getPostsComments called ","timestamp":"2023-10-15T12:46:45.572Z"}
{"level":"info","message":"Server getPostsComments called ","timestamp":"2023-10-15T12:46:45.573Z"}
{"level":"info","message":"Server getPostsComments called ","timestamp":"2023-10-15T12:46:45.589Z"}
{"level":"info","message":"Server getPostsComments called ","timestamp":"2023-10-15T12:46:45.591Z"}
{"level":"info","message":"Post page called ","timestamp":"2023-10-15T12:46:45.599Z"}
{"level":"info","message":"Server getBlogPost called ","timestamp":"2023-10-15T12:46:45.599Z"}
{"level":"info","message":"Post page called ","timestamp":"2023-10-15T12:46:45.611Z"}
{"level":"info","message":"Post page called ","timestamp":"2023-10-15T12:46:45.612Z"}
{"level":"info","message":"Server getBlogPost called ","timestamp":"2023-10-15T12:46:45.611Z"}
{"level":"info","message":"Server getBlogPost called ","timestamp":"2023-10-15T12:46:45.612Z"}
{"level":"info","message":"Post page called ","timestamp":"2023-10-15T12:46:45.614Z"}
{"level":"info","message":"Server getBlogPost called ","timestamp":"2023-10-15T12:46:45.614Z"}
{"level":"info","message":"Post page called ","timestamp":"2023-10-15T12:46:45.622Z"}
{"level":"info","message":"Server getBlogPost called ","timestamp":"2023-10-15T12:46:45.622Z"}
{"level":"info","message":"Post page called ","timestamp":"2023-10-15T12:46:45.626Z"}
{"level":"info","message":"Post page called ","timestamp":"2023-10-15T12:46:45.626Z"}
{"level":"info","message":"Server getBlogPost called ","timestamp":"2023-10-15T12:46:45.626Z"}
{"level":"info","message":"Server getBlogPost called ","timestamp":"2023-10-15T12:46:45.626Z"}
{"level":"info","message":"Server getPostsComments called ","timestamp":"2023-10-15T12:46:45.645Z"}
{"level":"info","message":"Server getPostsComments called ","timestamp":"2023-10-15T12:46:45.647Z"}
{"level":"info","message":"Server getPostsComments called ","timestamp":"2023-10-15T12:46:45.648Z"}
{"level":"info","message":"Server getPostsComments called ","timestamp":"2023-10-15T12:46:45.648Z"}
{"level":"info","message":"Server getPostsComments called ","timestamp":"2023-10-15T12:46:45.648Z"}
{"level":"info","message":"Server getPostsComments called ","timestamp":"2023-10-15T12:46:45.651Z"}
{"level":"info","message":"Server getPostsComments called ","timestamp":"2023-10-15T12:46:45.653Z"}
{"level":"info","message":"Post page called ","timestamp":"2023-10-15T12:46:45.667Z"}
{"level":"info","message":"Server getBlogPost called ","timestamp":"2023-10-15T12:46:45.667Z"}
{"level":"info","message":"Post page called ","timestamp":"2023-10-15T12:46:45.668Z"}
{"level":"info","message":"Post page called ","timestamp":"2023-10-15T12:46:45.668Z"}
{"level":"info","message":"Server getBlogPost called ","timestamp":"2023-10-15T12:46:45.668Z"}
{"level":"info","message":"Server getBlogPost called ","timestamp":"2023-10-15T12:46:45.668Z"}
{"level":"info","message":"Post page called ","timestamp":"2023-10-15T12:46:45.669Z"}
{"level":"info","message":"Post page called ","timestamp":"2023-10-15T12:46:45.670Z"}
{"level":"info","message":"Server getBlogPost called ","timestamp":"2023-10-15T12:46:45.670Z"}
{"level":"info","message":"Post page called ","timestamp":"2023-10-15T12:46:45.671Z"}
{"level":"info","message":"Server getBlogPost called ","timestamp":"2023-10-15T12:46:45.669Z"}
{"level":"info","message":"Post page called ","timestamp":"2023-10-15T12:46:45.673Z"}
{"level":"info","message":"Server getBlogPost called ","timestamp":"2023-10-15T12:46:45.671Z"}
{"level":"info","message":"Server getBlogPost called ","timestamp":"2023-10-15T12:46:45.673Z"}
{"level":"info","message":"Server getPostsComments called ","timestamp":"2023-10-15T12:46:45.679Z"}
{"level":"info","message":"Server getPostsComments called ","timestamp":"2023-10-15T12:46:45.679Z"}
{"level":"info","message":"Server getPostsComments called ","timestamp":"2023-10-15T12:46:45.680Z"}
{"level":"info","message":"Server getPostsComments called ","timestamp":"2023-10-15T12:46:45.681Z"}
{"level":"info","message":"Server getPostsComments called ","timestamp":"2023-10-15T12:46:45.682Z"}
{"level":"info","message":"Server getPostsComments called ","timestamp":"2023-10-15T12:46:45.682Z"}
{"level":"info","message":"Server getPostsComments called ","timestamp":"2023-10-15T12:46:45.683Z"}
{"level":"info","message":"Post page called ","timestamp":"2023-10-15T12:46:45.696Z"}
{"level":"info","message":"Post page called ","timestamp":"2023-10-15T12:46:45.696Z"}
{"level":"info","message":"Post page called ","timestamp":"2023-10-15T12:46:45.697Z"}
{"level":"info","message":"Post page called ","timestamp":"2023-10-15T12:46:45.697Z"}
{"level":"info","message":"Post page called ","timestamp":"2023-10-15T12:46:45.698Z"}
{"level":"info","message":"Server getBlogPost called ","timestamp":"2023-10-15T12:46:45.696Z"}
{"level":"info","message":"Server getBlogPost called ","timestamp":"2023-10-15T12:46:45.697Z"}
{"level":"info","message":"Server getBlogPost called ","timestamp":"2023-10-15T12:46:45.697Z"}
{"level":"info","message":"Post page called ","timestamp":"2023-10-15T12:46:45.702Z"}
{"level":"info","message":"Server getBlogPost called ","timestamp":"2023-10-15T12:46:45.698Z"}
{"level":"info","message":"Post page called ","timestamp":"2023-10-15T12:46:45.703Z"}
{"level":"info","message":"Server getBlogPost called ","timestamp":"2023-10-15T12:46:45.698Z"}
{"level":"info","message":"Server getBlogPost called ","timestamp":"2023-10-15T12:46:45.702Z"}
{"level":"info","message":"Server getBlogPost called ","timestamp":"2023-10-15T12:46:45.703Z"}
{"level":"info","message":"Server getPostsComments called ","timestamp":"2023-10-15T12:46:45.713Z"}
{"level":"info","message":"Server getPostsComments called ","timestamp":"2023-10-15T12:46:45.714Z"}
{"level":"info","message":"Server getPostsComments called ","timestamp":"2023-10-15T12:46:45.716Z"}
{"level":"info","message":"Server getPostsComments called ","timestamp":"2023-10-15T12:46:45.716Z"}
{"level":"info","message":"Server getPostsComments called ","timestamp":"2023-10-15T12:46:45.718Z"}
{"level":"info","message":"Server getPostsComments called ","timestamp":"2023-10-15T12:46:45.718Z"}
{"level":"info","message":"Server getPostsComments called ","timestamp":"2023-10-15T12:46:45.718Z"}
{"level":"info","message":"Post page called ","timestamp":"2023-10-15T12:46:45.726Z"}
{"level":"info","message":"Server getBlogPost called ","timestamp":"2023-10-15T12:46:45.727Z"}
{"level":"info","message":"Post page called ","timestamp":"2023-10-15T12:46:45.730Z"}
{"level":"info","message":"Post page called ","timestamp":"2023-10-15T12:46:45.730Z"}
{"level":"info","message":"Server getBlogPost called ","timestamp":"2023-10-15T12:46:45.730Z"}
{"level":"info","message":"Server getBlogPost called ","timestamp":"2023-10-15T12:46:45.731Z"}
{"level":"info","message":"Post page called ","timestamp":"2023-10-15T12:46:45.732Z"}
{"level":"info","message":"Server getBlogPost called ","timestamp":"2023-10-15T12:46:45.732Z"}
{"level":"info","message":"Post page called ","timestamp":"2023-10-15T12:46:45.733Z"}
{"level":"info","message":"Post page called ","timestamp":"2023-10-15T12:46:45.734Z"}
{"level":"info","message":"Server getBlogPost called ","timestamp":"2023-10-15T12:46:45.733Z"}
{"level":"info","message":"Server getBlogPost called ","timestamp":"2023-10-15T12:46:45.734Z"}
{"level":"info","message":"Server getPostsComments called ","timestamp":"2023-10-15T12:46:45.736Z"}
{"level":"info","message":"Post page called ","timestamp":"2023-10-15T12:46:45.736Z"}
{"level":"info","message":"Server getBlogPost called ","timestamp":"2023-10-15T12:46:45.737Z"}
{"level":"info","message":"Server getPostsComments called ","timestamp":"2023-10-15T12:46:45.742Z"}
{"level":"info","message":"Server getPostsComments called ","timestamp":"2023-10-15T12:46:45.743Z"}
{"level":"info","message":"Server getPostsComments called ","timestamp":"2023-10-15T12:46:45.743Z"}
{"level":"info","message":"Server getPostsComments called ","timestamp":"2023-10-15T12:46:45.745Z"}
{"level":"info","message":"Server getPostsComments called ","timestamp":"2023-10-15T12:46:45.746Z"}
{"level":"info","message":"Server getPostsComments called ","timestamp":"2023-10-15T12:46:45.747Z"}
{"level":"info","message":"Post page called ","timestamp":"2023-10-15T12:46:45.755Z"}
{"level":"info","message":"Server getBlogPost called ","timestamp":"2023-10-15T12:46:45.755Z"}
{"level":"info","message":"Post page called ","timestamp":"2023-10-15T12:46:45.757Z"}
{"level":"info","message":"Server getBlogPost called ","timestamp":"2023-10-15T12:46:45.757Z"}
{"level":"info","message":"Post page called ","timestamp":"2023-10-15T12:46:45.759Z"}
{"level":"info","message":"Server getBlogPost called ","timestamp":"2023-10-15T12:46:45.759Z"}
{"level":"info","message":"Post page called ","timestamp":"2023-10-15T12:46:45.760Z"}
{"level":"info","message":"Server getBlogPost called ","timestamp":"2023-10-15T12:46:45.760Z"}
{"level":"info","message":"Server getPostsComments called ","timestamp":"2023-10-15T12:46:45.761Z"}
{"level":"info","message":"Post page called ","timestamp":"2023-10-15T12:46:45.761Z"}
{"level":"info","message":"Server getBlogPost called ","timestamp":"2023-10-15T12:46:45.761Z"}
{"level":"info","message":"Post page called ","timestamp":"2023-10-15T12:46:45.763Z"}
{"level":"info","message":"Post page called ","timestamp":"2023-10-15T12:46:45.763Z"}
{"level":"info","message":"Server getBlogPost called ","timestamp":"2023-10-15T12:46:45.763Z"}
{"level":"info","message":"Server getBlogPost called ","timestamp":"2023-10-15T12:46:45.763Z"}
{"level":"info","message":"Server getPostsComments called ","timestamp":"2023-10-15T12:46:45.765Z"}
{"level":"info","message":"Server getPostsComments called ","timestamp":"2023-10-15T12:46:45.767Z"}
{"level":"info","message":"Server getPostsComments called ","timestamp":"2023-10-15T12:46:45.767Z"}
{"level":"info","message":"Server getPostsComments called ","timestamp":"2023-10-15T12:46:45.769Z"}
{"level":"info","message":"Server getPostsComments called ","timestamp":"2023-10-15T12:46:45.772Z"}
{"level":"info","message":"Server getPostsComments called ","timestamp":"2023-10-15T12:46:45.772Z"}
{"level":"info","message":"Post page called ","timestamp":"2023-10-15T12:46:45.779Z"}
{"level":"info","message":"Server getBlogPost called ","timestamp":"2023-10-15T12:46:45.779Z"}
{"level":"info","message":"Post page called ","timestamp":"2023-10-15T12:46:45.781Z"}
{"level":"info","message":"Post page called ","timestamp":"2023-10-15T12:46:45.781Z"}
{"level":"info","message":"Server getBlogPost called ","timestamp":"2023-10-15T12:46:45.781Z"}
{"level":"info","message":"Server getBlogPost called ","timestamp":"2023-10-15T12:46:45.781Z"}
{"level":"info","message":"Post page called ","timestamp":"2023-10-15T12:46:45.784Z"}
{"level":"info","message":"Server getBlogPost called ","timestamp":"2023-10-15T12:46:45.784Z"}
{"level":"info","message":"Post page called ","timestamp":"2023-10-15T12:46:45.785Z"}
{"level":"info","message":"Server getBlogPost called ","timestamp":"2023-10-15T12:46:45.785Z"}
{"level":"info","message":"Post page called ","timestamp":"2023-10-15T12:46:45.788Z"}
{"level":"info","message":"Post page called ","timestamp":"2023-10-15T12:46:45.789Z"}
{"level":"info","message":"Server getBlogPost called ","timestamp":"2023-10-15T12:46:45.788Z"}
{"level":"info","message":"Server getBlogPost called ","timestamp":"2023-10-15T12:46:45.789Z"}
{"level":"info","message":"Server getPostsComments called ","timestamp":"2023-10-15T12:46:45.791Z"}
{"level":"info","message":"Server getPostsComments called ","timestamp":"2023-10-15T12:46:45.794Z"}
{"level":"info","message":"Server getPostsComments called ","timestamp":"2023-10-15T12:46:45.796Z"}
{"level":"info","message":"Server getPostsComments called ","timestamp":"2023-10-15T12:46:45.804Z"}
{"level":"info","message":"Server getPostsComments called ","timestamp":"2023-10-15T12:46:45.807Z"}
{"level":"info","message":"Server getPostsComments called ","timestamp":"2023-10-15T12:46:45.807Z"}
{"level":"info","message":"Server getPostsComments called ","timestamp":"2023-10-15T12:46:45.811Z"}
{"level":"info","message":"Post page called ","timestamp":"2023-10-15T12:46:45.819Z"}
{"level":"info","message":"Server getBlogPost called ","timestamp":"2023-10-15T12:46:45.819Z"}
{"level":"info","message":"Post page called ","timestamp":"2023-10-15T12:46:45.822Z"}
{"level":"info","message":"Server getBlogPost called ","timestamp":"2023-10-15T12:46:45.822Z"}
{"level":"info","message":"Post page called ","timestamp":"2023-10-15T12:46:45.825Z"}
{"level":"info","message":"Server getBlogPost called ","timestamp":"2023-10-15T12:46:45.825Z"}
{"level":"info","message":"Post page called ","timestamp":"2023-10-15T12:46:45.827Z"}
{"level":"info","message":"Post page called ","timestamp":"2023-10-15T12:46:45.827Z"}
{"level":"info","message":"Server getBlogPost called ","timestamp":"2023-10-15T12:46:45.827Z"}
{"level":"info","message":"Post page called ","timestamp":"2023-10-15T12:46:45.829Z"}
{"level":"info","message":"Server getBlogPost called ","timestamp":"2023-10-15T12:46:45.827Z"}
{"level":"info","message":"Server getPostsComments called ","timestamp":"2023-10-15T12:46:45.831Z"}
{"level":"info","message":"Post page called ","timestamp":"2023-10-15T12:46:45.831Z"}
{"level":"info","message":"Server getPostsComments called ","timestamp":"2023-10-15T12:46:45.832Z"}
{"level":"info","message":"Server getBlogPost called ","timestamp":"2023-10-15T12:46:45.831Z"}
{"level":"info","message":"Server getBlogPost called ","timestamp":"2023-10-15T12:46:45.830Z"}
{"level":"info","message":"Server getPostsComments called ","timestamp":"2023-10-15T12:46:45.835Z"}
{"level":"info","message":"Server getPostsComments called ","timestamp":"2023-10-15T12:46:45.840Z"}
{"level":"info","message":"Server getPostsComments called ","timestamp":"2023-10-15T12:46:45.841Z"}
{"level":"info","message":"Server getPostsComments called ","timestamp":"2023-10-15T12:46:45.844Z"}
{"level":"info","message":"Server getPostsComments called ","timestamp":"2023-10-15T12:46:45.846Z"}
{"level":"info","message":"Post page called ","timestamp":"2023-10-15T12:46:45.852Z"}
{"level":"info","message":"Server getBlogPost called ","timestamp":"2023-10-15T12:46:45.852Z"}
{"level":"info","message":"Post page called ","timestamp":"2023-10-15T12:46:45.853Z"}
{"level":"info","message":"Server getBlogPost called ","timestamp":"2023-10-15T12:46:45.853Z"}
{"level":"info","message":"Post page called ","timestamp":"2023-10-15T12:46:45.854Z"}
{"level":"info","message":"Post page called ","timestamp":"2023-10-15T12:46:45.854Z"}
{"level":"info","message":"Server getBlogPost called ","timestamp":"2023-10-15T12:46:45.854Z"}
{"level":"info","message":"Server getBlogPost called ","timestamp":"2023-10-15T12:46:45.854Z"}
{"level":"info","message":"Post page called ","timestamp":"2023-10-15T12:46:45.856Z"}
{"level":"info","message":"Post page called ","timestamp":"2023-10-15T12:46:45.857Z"}
{"level":"info","message":"Server getBlogPost called ","timestamp":"2023-10-15T12:46:45.856Z"}
{"level":"info","message":"Post page called ","timestamp":"2023-10-15T12:46:45.857Z"}
{"level":"info","message":"Server getBlogPost called ","timestamp":"2023-10-15T12:46:45.857Z"}
{"level":"info","message":"Server getBlogPost called ","timestamp":"2023-10-15T12:46:45.857Z"}
{"level":"info","message":"Server getPostsComments called ","timestamp":"2023-10-15T12:46:45.860Z"}
{"level":"info","message":"Server getPostsComments called ","timestamp":"2023-10-15T12:46:45.861Z"}
{"level":"info","message":"Server getPostsComments called ","timestamp":"2023-10-15T12:46:45.864Z"}
{"level":"info","message":"Server getPostsComments called ","timestamp":"2023-10-15T12:46:45.865Z"}
{"level":"info","message":"Server getPostsComments called ","timestamp":"2023-10-15T12:46:45.866Z"}
{"level":"info","message":"Server getPostsComments called ","timestamp":"2023-10-15T12:46:45.866Z"}
{"level":"info","message":"Server getPostsComments called ","timestamp":"2023-10-15T12:46:45.867Z"}
{"level":"info","message":"Post page called ","timestamp":"2023-10-15T12:46:45.877Z"}
{"level":"info","message":"Post page called ","timestamp":"2023-10-15T12:46:45.877Z"}
{"level":"info","message":"Server getBlogPost called ","timestamp":"2023-10-15T12:46:45.877Z"}
{"level":"info","message":"Server getBlogPost called ","timestamp":"2023-10-15T12:46:45.877Z"}
{"level":"info","message":"Post page called ","timestamp":"2023-10-15T12:46:45.878Z"}
{"level":"info","message":"Server getBlogPost called ","timestamp":"2023-10-15T12:46:45.878Z"}
{"level":"info","message":"Post page called ","timestamp":"2023-10-15T12:46:45.879Z"}
{"level":"info","message":"Post page called ","timestamp":"2023-10-15T12:46:45.879Z"}
{"level":"info","message":"Server getBlogPost called ","timestamp":"2023-10-15T12:46:45.879Z"}
{"level":"info","message":"Server getBlogPost called ","timestamp":"2023-10-15T12:46:45.879Z"}
{"level":"info","message":"Post page called ","timestamp":"2023-10-15T12:46:45.881Z"}
{"level":"info","message":"Server getBlogPost called ","timestamp":"2023-10-15T12:46:45.881Z"}
{"level":"info","message":"Post page called ","timestamp":"2023-10-15T12:46:45.882Z"}
{"level":"info","message":"Server getBlogPost called ","timestamp":"2023-10-15T12:46:45.882Z"}
{"level":"info","message":"Server getPostsComments called ","timestamp":"2023-10-15T12:46:45.883Z"}
{"level":"info","message":"Server getPostsComments called ","timestamp":"2023-10-15T12:46:45.885Z"}
{"level":"info","message":"Server getPostsComments called ","timestamp":"2023-10-15T12:46:45.885Z"}
{"level":"info","message":"Server getPostsComments called ","timestamp":"2023-10-15T12:46:45.886Z"}
{"level":"info","message":"Server getPostsComments called ","timestamp":"2023-10-15T12:46:45.886Z"}
{"level":"info","message":"Server getPostsComments called ","timestamp":"2023-10-15T12:46:45.887Z"}
{"level":"info","message":"Server getPostsComments called ","timestamp":"2023-10-15T12:46:45.888Z"}
{"level":"info","message":"Post page called ","timestamp":"2023-10-15T12:46:45.898Z"}
{"level":"info","message":"Post page called ","timestamp":"2023-10-15T12:46:45.898Z"}
{"level":"info","message":"Post page called ","timestamp":"2023-10-15T12:46:45.898Z"}
{"level":"info","message":"Server getBlogPost called ","timestamp":"2023-10-15T12:46:45.898Z"}
{"level":"info","message":"Post page called ","timestamp":"2023-10-15T12:46:45.899Z"}
{"level":"info","message":"Server getBlogPost called ","timestamp":"2023-10-15T12:46:45.898Z"}
{"level":"info","message":"Server getBlogPost called ","timestamp":"2023-10-15T12:46:45.899Z"}
{"level":"info","message":"Server getBlogPost called ","timestamp":"2023-10-15T12:46:45.899Z"}
{"level":"info","message":"Post page called ","timestamp":"2023-10-15T12:46:45.899Z"}
{"level":"info","message":"Post page called ","timestamp":"2023-10-15T12:46:45.900Z"}
{"level":"info","message":"Server getBlogPost called ","timestamp":"2023-10-15T12:46:45.900Z"}
{"level":"info","message":"Server getBlogPost called ","timestamp":"2023-10-15T12:46:45.899Z"}
{"level":"info","message":"Post page called ","timestamp":"2023-10-15T12:46:45.903Z"}
{"level":"info","message":"Server getBlogPost called ","timestamp":"2023-10-15T12:46:45.903Z"}
{"level":"info","message":"Server getPostsComments called ","timestamp":"2023-10-15T12:46:45.907Z"}
{"level":"info","message":"Server getPostsComments called ","timestamp":"2023-10-15T12:46:45.907Z"}
{"level":"info","message":"Server getPostsComments called ","timestamp":"2023-10-15T12:46:45.907Z"}
{"level":"info","message":"Server getPostsComments called ","timestamp":"2023-10-15T12:46:45.908Z"}
{"level":"info","message":"Server getPostsComments called ","timestamp":"2023-10-15T12:46:45.908Z"}
{"level":"info","message":"Server getPostsComments called ","timestamp":"2023-10-15T12:46:45.910Z"}
{"level":"info","message":"Server getPostsComments called ","timestamp":"2023-10-15T12:46:45.911Z"}
{"level":"info","message":"Post page called ","timestamp":"2023-10-15T12:46:45.920Z"}
{"level":"info","message":"Server getBlogPost called ","timestamp":"2023-10-15T12:46:45.920Z"}
{"level":"info","message":"Post page called ","timestamp":"2023-10-15T12:46:45.921Z"}
{"level":"info","message":"Post page called ","timestamp":"2023-10-15T12:46:45.922Z"}
{"level":"info","message":"Server getBlogPost called ","timestamp":"2023-10-15T12:46:45.921Z"}
{"level":"info","message":"Server getBlogPost called ","timestamp":"2023-10-15T12:46:45.922Z"}
{"level":"info","message":"Post page called ","timestamp":"2023-10-15T12:46:45.922Z"}
{"level":"info","message":"Post page called ","timestamp":"2023-10-15T12:46:45.923Z"}
{"level":"info","message":"Server getBlogPost called ","timestamp":"2023-10-15T12:46:45.922Z"}
{"level":"info","message":"Server getBlogPost called ","timestamp":"2023-10-15T12:46:45.923Z"}
{"level":"info","message":"Post page called ","timestamp":"2023-10-15T12:46:45.924Z"}
{"level":"info","message":"Post page called ","timestamp":"2023-10-15T12:46:45.924Z"}
{"level":"info","message":"Server getBlogPost called ","timestamp":"2023-10-15T12:46:45.924Z"}
{"level":"info","message":"Server getBlogPost called ","timestamp":"2023-10-15T12:46:45.924Z"}
{"level":"info","message":"Server getPostsComments called ","timestamp":"2023-10-15T12:46:45.927Z"}
{"level":"info","message":"Server getPostsComments called ","timestamp":"2023-10-15T12:46:45.928Z"}
{"level":"info","message":"Server getPostsComments called ","timestamp":"2023-10-15T12:46:45.928Z"}
{"level":"info","message":"Server getPostsComments called ","timestamp":"2023-10-15T12:46:45.929Z"}
{"level":"info","message":"Server getPostsComments called ","timestamp":"2023-10-15T12:46:45.930Z"}
{"level":"info","message":"Server getPostsComments called ","timestamp":"2023-10-15T12:46:45.931Z"}
{"level":"info","message":"Server getPostsComments called ","timestamp":"2023-10-15T12:46:45.941Z"}
{"level":"info","message":"Post page called ","timestamp":"2023-10-15T12:46:45.943Z"}
{"level":"info","message":"Server getBlogPost called ","timestamp":"2023-10-15T12:46:45.944Z"}
{"level":"info","message":"Post page called ","timestamp":"2023-10-15T12:46:45.945Z"}
{"level":"info","message":"Server getBlogPost called ","timestamp":"2023-10-15T12:46:45.945Z"}
{"level":"info","message":"Post page called ","timestamp":"2023-10-15T12:46:45.946Z"}
{"level":"info","message":"Server getBlogPost called ","timestamp":"2023-10-15T12:46:45.946Z"}
{"level":"info","message":"Post page called ","timestamp":"2023-10-15T12:46:45.947Z"}
{"level":"info","message":"Server getBlogPost called ","timestamp":"2023-10-15T12:46:45.947Z"}
{"level":"info","message":"Post page called ","timestamp":"2023-10-15T12:46:45.949Z"}
{"level":"info","message":"Server getBlogPost called ","timestamp":"2023-10-15T12:46:45.949Z"}
{"level":"info","message":"Server getPostsComments called ","timestamp":"2023-10-15T12:46:45.950Z"}
{"level":"info","message":"Server getPostsComments called ","timestamp":"2023-10-15T12:46:45.954Z"}
{"level":"info","message":"Post page called ","timestamp":"2023-10-15T12:46:45.955Z"}
{"level":"info","message":"Server getBlogPost called ","timestamp":"2023-10-15T12:46:45.955Z"}
{"level":"info","message":"Server getPostsComments called ","timestamp":"2023-10-15T12:46:45.956Z"}
{"level":"info","message":"Server getPostsComments called ","timestamp":"2023-10-15T12:46:45.956Z"}
{"level":"info","message":"Post page called ","timestamp":"2023-10-15T12:46:45.956Z"}
{"level":"info","message":"Server getBlogPost called ","timestamp":"2023-10-15T12:46:45.957Z"}
{"level":"info","message":"Server getPostsComments called ","timestamp":"2023-10-15T12:46:45.958Z"}
{"level":"info","message":"Server getPostsComments called ","timestamp":"2023-10-15T12:46:45.969Z"}
{"level":"info","message":"Server getPostsComments called ","timestamp":"2023-10-15T12:46:45.970Z"}
{"level":"info","message":"Post page called ","timestamp":"2023-10-15T12:46:45.974Z"}
{"level":"info","message":"Server getBlogPost called ","timestamp":"2023-10-15T12:46:45.974Z"}
{"level":"info","message":"Post page called ","timestamp":"2023-10-15T12:46:45.977Z"}
{"level":"info","message":"Post page called ","timestamp":"2023-10-15T12:46:45.978Z"}
{"level":"info","message":"Server getBlogPost called ","timestamp":"2023-10-15T12:46:45.977Z"}
{"level":"info","message":"Server getBlogPost called ","timestamp":"2023-10-15T12:46:45.978Z"}
{"level":"info","message":"Post page called ","timestamp":"2023-10-15T12:46:45.979Z"}
{"level":"info","message":"Post page called ","timestamp":"2023-10-15T12:46:45.980Z"}
{"level":"info","message":"Server getBlogPost called ","timestamp":"2023-10-15T12:46:45.979Z"}
{"level":"info","message":"Server getBlogPost called ","timestamp":"2023-10-15T12:46:45.980Z"}
{"level":"info","message":"Post page called ","timestamp":"2023-10-15T12:46:45.982Z"}
{"level":"info","message":"Server getPostsComments called ","timestamp":"2023-10-15T12:46:45.984Z"}
{"level":"info","message":"Server getBlogPost called ","timestamp":"2023-10-15T12:46:45.983Z"}
{"level":"info","message":"Server getPostsComments called ","timestamp":"2023-10-15T12:46:45.986Z"}
{"level":"info","message":"Server getPostsComments called ","timestamp":"2023-10-15T12:46:45.987Z"}
{"level":"info","message":"Server getPostsComments called ","timestamp":"2023-10-15T12:46:45.987Z"}
{"level":"info","message":"Server getPostsComments called ","timestamp":"2023-10-15T12:46:45.988Z"}
{"level":"info","message":"Post page called ","timestamp":"2023-10-15T12:46:45.991Z"}
{"level":"info","message":"Server getBlogPost called ","timestamp":"2023-10-15T12:46:45.991Z"}
{"level":"info","message":"Server getPostsComments called ","timestamp":"2023-10-15T12:46:45.999Z"}
{"level":"info","message":"Server getPostsComments called ","timestamp":"2023-10-15T12:46:45.999Z"}
{"level":"info","message":"Post page called ","timestamp":"2023-10-15T12:46:46.002Z"}
{"level":"info","message":"Server getBlogPost called ","timestamp":"2023-10-15T12:46:46.002Z"}
{"level":"info","message":"Post page called ","timestamp":"2023-10-15T12:46:46.003Z"}
{"level":"info","message":"Server getBlogPost called ","timestamp":"2023-10-15T12:46:46.003Z"}
{"level":"info","message":"Post page called ","timestamp":"2023-10-15T12:46:46.004Z"}
{"level":"info","message":"Post page called ","timestamp":"2023-10-15T12:46:46.006Z"}
{"level":"info","message":"Server getBlogPost called ","timestamp":"2023-10-15T12:46:46.004Z"}
{"level":"info","message":"Post page called ","timestamp":"2023-10-15T12:46:46.007Z"}
{"level":"info","message":"Server getBlogPost called ","timestamp":"2023-10-15T12:46:46.006Z"}
{"level":"info","message":"Server getBlogPost called ","timestamp":"2023-10-15T12:46:46.007Z"}
{"level":"info","message":"Server getPostsComments called ","timestamp":"2023-10-15T12:46:46.014Z"}
{"level":"info","message":"Server getPostsComments called ","timestamp":"2023-10-15T12:46:46.015Z"}
{"level":"info","message":"Server getPostsComments called ","timestamp":"2023-10-15T12:46:46.017Z"}
{"level":"info","message":"Server getPostsComments called ","timestamp":"2023-10-15T12:46:46.019Z"}
{"level":"info","message":"Post page called ","timestamp":"2023-10-15T12:46:46.020Z"}
{"level":"info","message":"Server getPostsComments called ","timestamp":"2023-10-15T12:46:46.020Z"}
{"level":"info","message":"Post page called ","timestamp":"2023-10-15T12:46:46.020Z"}
{"level":"info","message":"Server getBlogPost called ","timestamp":"2023-10-15T12:46:46.020Z"}
{"level":"info","message":"Server getBlogPost called ","timestamp":"2023-10-15T12:46:46.020Z"}
{"level":"info","message":"Server getPostsComments called ","timestamp":"2023-10-15T12:46:46.027Z"}
{"level":"info","message":"Server getPostsComments called ","timestamp":"2023-10-15T12:46:46.030Z"}
{"level":"info","message":"Post page called ","timestamp":"2023-10-15T12:46:46.030Z"}
{"level":"info","message":"Server getBlogPost called ","timestamp":"2023-10-15T12:46:46.030Z"}
{"level":"info","message":"Post page called ","timestamp":"2023-10-15T12:46:46.031Z"}
{"level":"info","message":"Server getBlogPost called ","timestamp":"2023-10-15T12:46:46.031Z"}
{"level":"info","message":"Post page called ","timestamp":"2023-10-15T12:46:46.034Z"}
{"level":"info","message":"Post page called ","timestamp":"2023-10-15T12:46:46.035Z"}
{"level":"info","message":"Server getBlogPost called ","timestamp":"2023-10-15T12:46:46.035Z"}
{"level":"info","message":"Server getBlogPost called ","timestamp":"2023-10-15T12:46:46.034Z"}
{"level":"info","message":"Post page called ","timestamp":"2023-10-15T12:46:46.036Z"}
{"level":"info","message":"Server getPostsComments called ","timestamp":"2023-10-15T12:46:46.036Z"}
{"level":"info","message":"Server getPostsComments called ","timestamp":"2023-10-15T12:46:46.036Z"}
{"level":"info","message":"Server getBlogPost called ","timestamp":"2023-10-15T12:46:46.036Z"}
{"level":"info","message":"Post page called ","timestamp":"2023-10-15T12:46:46.040Z"}
{"level":"info","message":"Server getPostsComments called ","timestamp":"2023-10-15T12:46:46.040Z"}
{"level":"info","message":"Server getBlogPost called ","timestamp":"2023-10-15T12:46:46.040Z"}
{"level":"info","message":"Server getPostsComments called ","timestamp":"2023-10-15T12:46:46.041Z"}
{"level":"info","message":"Server getPostsComments called ","timestamp":"2023-10-15T12:46:46.043Z"}
{"level":"info","message":"Post page called ","timestamp":"2023-10-15T12:46:46.047Z"}
{"level":"info","message":"Server getBlogPost called ","timestamp":"2023-10-15T12:46:46.047Z"}
{"level":"info","message":"Post page called ","timestamp":"2023-10-15T12:46:46.048Z"}
{"level":"info","message":"Server getBlogPost called ","timestamp":"2023-10-15T12:46:46.049Z"}
{"level":"info","message":"Server getPostsComments called ","timestamp":"2023-10-15T12:46:46.049Z"}
{"level":"info","message":"Post page called ","timestamp":"2023-10-15T12:46:46.051Z"}
{"level":"info","message":"Server getBlogPost called ","timestamp":"2023-10-15T12:46:46.051Z"}
{"level":"info","message":"Server getPostsComments called ","timestamp":"2023-10-15T12:46:46.054Z"}
{"level":"info","message":"Post page called ","timestamp":"2023-10-15T12:46:46.055Z"}
{"level":"info","message":"Server getBlogPost called ","timestamp":"2023-10-15T12:46:46.055Z"}
{"level":"info","message":"Post page called ","timestamp":"2023-10-15T12:46:46.056Z"}
{"level":"info","message":"Server getBlogPost called ","timestamp":"2023-10-15T12:46:46.056Z"}
{"level":"info","message":"Server getPostsComments called ","timestamp":"2023-10-15T12:46:46.057Z"}
{"level":"info","message":"Post page called ","timestamp":"2023-10-15T12:46:46.059Z"}
{"level":"info","message":"Server getBlogPost called ","timestamp":"2023-10-15T12:46:46.059Z"}
{"level":"info","message":"Server getPostsComments called ","timestamp":"2023-10-15T12:46:46.060Z"}
{"level":"info","message":"Server getPostsComments called ","timestamp":"2023-10-15T12:46:46.063Z"}
{"level":"info","message":"Post page called ","timestamp":"2023-10-15T12:46:46.066Z"}
{"level":"info","message":"Server getBlogPost called ","timestamp":"2023-10-15T12:46:46.066Z"}
{"level":"info","message":"Post page called ","timestamp":"2023-10-15T12:46:46.068Z"}
{"level":"info","message":"Server getPostsComments called ","timestamp":"2023-10-15T12:46:46.068Z"}
{"level":"info","message":"Server getBlogPost called ","timestamp":"2023-10-15T12:46:46.068Z"}
{"level":"info","message":"Server getPostsComments called ","timestamp":"2023-10-15T12:46:46.069Z"}
{"level":"info","message":"Server getPostsComments called ","timestamp":"2023-10-15T12:46:46.074Z"}
{"level":"info","message":"Post page called ","timestamp":"2023-10-15T12:46:46.076Z"}
{"level":"info","message":"Server getPostsComments called ","timestamp":"2023-10-15T12:46:46.077Z"}
{"level":"info","message":"Server getBlogPost called ","timestamp":"2023-10-15T12:46:46.076Z"}
{"level":"info","message":"Post page called ","timestamp":"2023-10-15T12:46:46.078Z"}
{"level":"info","message":"Server getBlogPost called ","timestamp":"2023-10-15T12:46:46.078Z"}
{"level":"info","message":"Post page called ","timestamp":"2023-10-15T12:46:46.082Z"}
{"level":"info","message":"Server getPostsComments called ","timestamp":"2023-10-15T12:46:46.083Z"}
{"level":"info","message":"Server getBlogPost called ","timestamp":"2023-10-15T12:46:46.082Z"}
{"level":"info","message":"Server getPostsComments called ","timestamp":"2023-10-15T12:46:46.085Z"}
{"level":"info","message":"Post page called ","timestamp":"2023-10-15T12:46:46.086Z"}
{"level":"info","message":"Server getBlogPost called ","timestamp":"2023-10-15T12:46:46.086Z"}
{"level":"info","message":"Post page called ","timestamp":"2023-10-15T12:46:46.090Z"}
{"level":"info","message":"Server getPostsComments called ","timestamp":"2023-10-15T12:46:46.090Z"}
{"level":"info","message":"Server getBlogPost called ","timestamp":"2023-10-15T12:46:46.090Z"}
{"level":"info","message":"Server getPostsComments called ","timestamp":"2023-10-15T12:46:46.094Z"}
{"level":"info","message":"Server getPostsComments called ","timestamp":"2023-10-15T12:46:46.097Z"}
{"level":"info","message":"Post page called ","timestamp":"2023-10-15T12:46:46.097Z"}
{"level":"info","message":"Server getBlogPost called ","timestamp":"2023-10-15T12:46:46.098Z"}
{"level":"info","message":"Post page called ","timestamp":"2023-10-15T12:46:46.104Z"}
{"level":"info","message":"Post page called ","timestamp":"2023-10-15T12:46:46.104Z"}
{"level":"info","message":"Post page called ","timestamp":"2023-10-15T12:46:46.104Z"}
{"level":"info","message":"Server getBlogPost called ","timestamp":"2023-10-15T12:46:46.104Z"}
{"level":"info","message":"Server getBlogPost called ","timestamp":"2023-10-15T12:46:46.104Z"}
{"level":"info","message":"Server getBlogPost called ","timestamp":"2023-10-15T12:46:46.104Z"}
{"level":"info","message":"Post page called ","timestamp":"2023-10-15T12:46:46.111Z"}
{"level":"info","message":"Server getBlogPost called ","timestamp":"2023-10-15T12:46:46.111Z"}
{"level":"info","message":"Server getPostsComments called ","timestamp":"2023-10-15T12:46:46.112Z"}
{"level":"info","message":"Post page called ","timestamp":"2023-10-15T12:46:46.112Z"}
{"level":"info","message":"Server getBlogPost called ","timestamp":"2023-10-15T12:46:46.112Z"}
{"level":"info","message":"Server getPostsComments called ","timestamp":"2023-10-15T12:46:46.116Z"}
{"level":"info","message":"Post page called ","timestamp":"2023-10-15T12:46:46.117Z"}
{"level":"info","message":"Server getBlogPost called ","timestamp":"2023-10-15T12:46:46.117Z"}
{"level":"info","message":"Server getPostsComments called ","timestamp":"2023-10-15T12:46:46.121Z"}
{"level":"info","message":"Server getPostsComments called ","timestamp":"2023-10-15T12:46:46.122Z"}
{"level":"info","message":"Server getPostsComments called ","timestamp":"2023-10-15T12:46:46.124Z"}
{"level":"info","message":"Server getPostsComments called ","timestamp":"2023-10-15T12:46:46.125Z"}
{"level":"info","message":"Server getPostsComments called ","timestamp":"2023-10-15T12:46:46.130Z"}
{"level":"info","message":"Post page called ","timestamp":"2023-10-15T12:46:46.135Z"}
{"level":"info","message":"Post page called ","timestamp":"2023-10-15T12:46:46.135Z"}
{"level":"info","message":"Post page called ","timestamp":"2023-10-15T12:46:46.137Z"}
{"level":"info","message":"Post page called ","timestamp":"2023-10-15T12:46:46.139Z"}
{"level":"info","message":"Server getBlogPost called ","timestamp":"2023-10-15T12:46:46.137Z"}
{"level":"info","message":"Server getBlogPost called ","timestamp":"2023-10-15T12:46:46.135Z"}
{"level":"info","message":"Post page called ","timestamp":"2023-10-15T12:46:46.141Z"}
{"level":"info","message":"Server getBlogPost called ","timestamp":"2023-10-15T12:46:46.139Z"}
{"level":"info","message":"Server getBlogPost called ","timestamp":"2023-10-15T12:46:46.141Z"}
{"level":"info","message":"Post page called ","timestamp":"2023-10-15T12:46:46.142Z"}
{"level":"info","message":"Server getBlogPost called ","timestamp":"2023-10-15T12:46:46.135Z"}
{"level":"info","message":"Server getPostsComments called ","timestamp":"2023-10-15T12:46:46.141Z"}
{"level":"info","message":"Post page called ","timestamp":"2023-10-15T12:46:46.145Z"}
{"level":"info","message":"Server getBlogPost called ","timestamp":"2023-10-15T12:46:46.142Z"}
{"level":"info","message":"Server getBlogPost called ","timestamp":"2023-10-15T12:46:46.145Z"}
{"level":"info","message":"Server getPostsComments called ","timestamp":"2023-10-15T12:46:46.145Z"}
{"level":"info","message":"Server getPostsComments called ","timestamp":"2023-10-15T12:46:46.147Z"}
{"level":"info","message":"Server getPostsComments called ","timestamp":"2023-10-15T12:46:46.147Z"}
{"level":"info","message":"Server getPostsComments called ","timestamp":"2023-10-15T12:46:46.152Z"}
{"level":"info","message":"Server getPostsComments called ","timestamp":"2023-10-15T12:46:46.156Z"}
{"level":"info","message":"Server getPostsComments called ","timestamp":"2023-10-15T12:46:46.158Z"}
{"level":"info","message":"Post page called ","timestamp":"2023-10-15T12:46:46.179Z"}
{"level":"info","message":"Server getBlogPost called ","timestamp":"2023-10-15T12:46:46.179Z"}
{"level":"info","message":"Post page called ","timestamp":"2023-10-15T12:46:46.190Z"}
{"level":"info","message":"Server getBlogPost called ","timestamp":"2023-10-15T12:46:46.190Z"}
{"level":"info","message":"Post page called ","timestamp":"2023-10-15T12:46:46.194Z"}
{"level":"info","message":"Server getBlogPost called ","timestamp":"2023-10-15T12:46:46.194Z"}
{"level":"info","message":"Post page called ","timestamp":"2023-10-15T12:46:46.196Z"}
{"level":"info","message":"Server getBlogPost called ","timestamp":"2023-10-15T12:46:46.196Z"}
{"level":"info","message":"Post page called ","timestamp":"2023-10-15T12:46:46.203Z"}
{"level":"info","message":"Post page called ","timestamp":"2023-10-15T12:46:46.204Z"}
{"level":"info","message":"Server getBlogPost called ","timestamp":"2023-10-15T12:46:46.204Z"}
{"level":"info","message":"Server getBlogPost called ","timestamp":"2023-10-15T12:46:46.203Z"}
{"level":"info","message":"Post page called ","timestamp":"2023-10-15T12:46:46.209Z"}
{"level":"info","message":"Server getPostsComments called ","timestamp":"2023-10-15T12:46:46.209Z"}
{"level":"info","message":"Server getBlogPost called ","timestamp":"2023-10-15T12:46:46.209Z"}
{"level":"info","message":"Server getPostsComments called ","timestamp":"2023-10-15T12:46:46.219Z"}
{"level":"info","message":"Server getPostsComments called ","timestamp":"2023-10-15T12:46:46.219Z"}
{"level":"info","message":"Server getPostsComments called ","timestamp":"2023-10-15T12:46:46.220Z"}
{"level":"info","message":"Server getPostsComments called ","timestamp":"2023-10-15T12:46:46.221Z"}
{"level":"info","message":"Server getPostsComments called ","timestamp":"2023-10-15T12:46:46.226Z"}
{"level":"info","message":"Server getPostsComments called ","timestamp":"2023-10-15T12:46:46.229Z"}
{"level":"info","message":"Post page called ","timestamp":"2023-10-15T12:46:46.238Z"}
{"level":"info","message":"Post page called ","timestamp":"2023-10-15T12:46:46.241Z"}
{"level":"info","message":"Server getBlogPost called ","timestamp":"2023-10-15T12:46:46.238Z"}
{"level":"info","message":"Server getBlogPost called ","timestamp":"2023-10-15T12:46:46.241Z"}
{"level":"info","message":"Post page called ","timestamp":"2023-10-15T12:46:46.255Z"}
{"level":"info","message":"Server getBlogPost called ","timestamp":"2023-10-15T12:46:46.255Z"}
{"level":"info","message":"Server getPostsComments called ","timestamp":"2023-10-15T12:46:46.256Z"}
{"level":"info","message":"Post page called ","timestamp":"2023-10-15T12:46:46.256Z"}
{"level":"info","message":"Server getPostsComments called ","timestamp":"2023-10-15T12:46:46.257Z"}
{"level":"info","message":"Server getBlogPost called ","timestamp":"2023-10-15T12:46:46.257Z"}
{"level":"info","message":"Post page called ","timestamp":"2023-10-15T12:46:46.258Z"}
{"level":"info","message":"Server getBlogPost called ","timestamp":"2023-10-15T12:46:46.258Z"}
{"level":"info","message":"Server getPostsComments called ","timestamp":"2023-10-15T12:46:46.264Z"}
{"level":"info","message":"Post page called ","timestamp":"2023-10-15T12:46:46.272Z"}
{"level":"info","message":"Server getBlogPost called ","timestamp":"2023-10-15T12:46:46.272Z"}
{"level":"info","message":"Server getPostsComments called ","timestamp":"2023-10-15T12:46:46.275Z"}
{"level":"info","message":"Server getPostsComments called ","timestamp":"2023-10-15T12:46:46.277Z"}
{"level":"info","message":"Post page called ","timestamp":"2023-10-15T12:46:46.278Z"}
{"level":"info","message":"Post page called ","timestamp":"2023-10-15T12:46:46.280Z"}
{"level":"info","message":"Server getBlogPost called ","timestamp":"2023-10-15T12:46:46.280Z"}
{"level":"info","message":"Server getBlogPost called ","timestamp":"2023-10-15T12:46:46.278Z"}
{"level":"info","message":"Post page called ","timestamp":"2023-10-15T12:46:46.283Z"}
{"level":"info","message":"Server getBlogPost called ","timestamp":"2023-10-15T12:46:46.283Z"}
{"level":"info","message":"Server getPostsComments called ","timestamp":"2023-10-15T12:46:46.286Z"}
{"level":"info","message":"Post page called ","timestamp":"2023-10-15T12:46:46.287Z"}
{"level":"info","message":"Server getBlogPost called ","timestamp":"2023-10-15T12:46:46.287Z"}
{"level":"info","message":"Server getPostsComments called ","timestamp":"2023-10-15T12:46:46.292Z"}
{"level":"info","message":"Post page called ","timestamp":"2023-10-15T12:46:46.297Z"}
{"level":"info","message":"Server getBlogPost called ","timestamp":"2023-10-15T12:46:46.297Z"}
{"level":"info","message":"Server getPostsComments called ","timestamp":"2023-10-15T12:46:46.309Z"}
{"level":"info","message":"Server getPostsComments called ","timestamp":"2023-10-15T12:46:46.310Z"}
{"level":"info","message":"Post page called ","timestamp":"2023-10-15T12:46:46.319Z"}
{"level":"info","message":"Server getBlogPost called ","timestamp":"2023-10-15T12:46:46.319Z"}
{"level":"info","message":"Server getPostsComments called ","timestamp":"2023-10-15T12:46:46.322Z"}
{"level":"info","message":"Server getPostsComments called ","timestamp":"2023-10-15T12:46:46.324Z"}
{"level":"info","message":"Post page called ","timestamp":"2023-10-15T12:46:46.324Z"}
{"level":"info","message":"Server getBlogPost called ","timestamp":"2023-10-15T12:46:46.324Z"}
{"level":"info","message":"Server getPostsComments called ","timestamp":"2023-10-15T12:46:46.331Z"}
{"level":"info","message":"Server getPostsComments called ","timestamp":"2023-10-15T12:46:46.334Z"}
{"level":"info","message":"Post page called ","timestamp":"2023-10-15T12:46:46.334Z"}
{"level":"info","message":"Post page called ","timestamp":"2023-10-15T12:46:46.336Z"}
{"level":"info","message":"Server getBlogPost called ","timestamp":"2023-10-15T12:46:46.336Z"}
{"level":"info","message":"Server getBlogPost called ","timestamp":"2023-10-15T12:46:46.334Z"}
{"level":"info","message":"Post page called ","timestamp":"2023-10-15T12:46:46.344Z"}
{"level":"info","message":"Post page called ","timestamp":"2023-10-15T12:46:46.344Z"}
{"level":"info","message":"Server getBlogPost called ","timestamp":"2023-10-15T12:46:46.344Z"}
{"level":"info","message":"Server getBlogPost called ","timestamp":"2023-10-15T12:46:46.344Z"}
{"level":"info","message":"Server getPostsComments called ","timestamp":"2023-10-15T12:46:46.345Z"}
{"level":"info","message":"Server getPostsComments called ","timestamp":"2023-10-15T12:46:46.346Z"}
{"level":"info","message":"Post page called ","timestamp":"2023-10-15T12:46:46.347Z"}
{"level":"info","message":"Server getBlogPost called ","timestamp":"2023-10-15T12:46:46.348Z"}
{"level":"info","message":"Post page called ","timestamp":"2023-10-15T12:46:46.353Z"}
{"level":"info","message":"Server getPostsComments called ","timestamp":"2023-10-15T12:46:46.355Z"}
{"level":"info","message":"Server getBlogPost called ","timestamp":"2023-10-15T12:46:46.353Z"}
{"level":"info","message":"Post page called ","timestamp":"2023-10-15T12:46:46.359Z"}
{"level":"info","message":"Server getPostsComments called ","timestamp":"2023-10-15T12:46:46.361Z"}
{"level":"info","message":"Server getBlogPost called ","timestamp":"2023-10-15T12:46:46.359Z"}
{"level":"info","message":"Server getPostsComments called ","timestamp":"2023-10-15T12:46:46.362Z"}
{"level":"info","message":"Server getPostsComments called ","timestamp":"2023-10-15T12:46:46.370Z"}
{"level":"info","message":"Post page called ","timestamp":"2023-10-15T12:46:46.376Z"}
{"level":"info","message":"Server getBlogPost called ","timestamp":"2023-10-15T12:46:46.376Z"}
{"level":"info","message":"Post page called ","timestamp":"2023-10-15T12:46:46.378Z"}
{"level":"info","message":"Server getBlogPost called ","timestamp":"2023-10-15T12:46:46.378Z"}
{"level":"info","message":"Server getPostsComments called ","timestamp":"2023-10-15T12:46:46.377Z"}
{"level":"info","message":"Post page called ","timestamp":"2023-10-15T12:46:46.379Z"}
{"level":"info","message":"Server getBlogPost called ","timestamp":"2023-10-15T12:46:46.379Z"}
{"level":"info","message":"Post page called ","timestamp":"2023-10-15T12:46:46.381Z"}
{"level":"info","message":"Server getBlogPost called ","timestamp":"2023-10-15T12:46:46.381Z"}
{"level":"info","message":"Server getPostsComments called ","timestamp":"2023-10-15T12:46:46.384Z"}
{"level":"info","message":"Post page called ","timestamp":"2023-10-15T12:46:46.384Z"}
{"level":"info","message":"Server getBlogPost called ","timestamp":"2023-10-15T12:46:46.384Z"}
{"level":"info","message":"Server getPostsComments called ","timestamp":"2023-10-15T12:46:46.385Z"}
{"level":"info","message":"Server getPostsComments called ","timestamp":"2023-10-15T12:46:46.386Z"}
{"level":"info","message":"Post page called ","timestamp":"2023-10-15T12:46:46.388Z"}
{"level":"info","message":"Server getBlogPost called ","timestamp":"2023-10-15T12:46:46.388Z"}
{"level":"info","message":"Server getPostsComments called ","timestamp":"2023-10-15T12:46:46.390Z"}
{"level":"info","message":"Server getPostsComments called ","timestamp":"2023-10-15T12:46:46.393Z"}
{"level":"info","message":"Post page called ","timestamp":"2023-10-15T12:46:46.396Z"}
{"level":"info","message":"Server getBlogPost called ","timestamp":"2023-10-15T12:46:46.397Z"}
{"level":"info","message":"Server getPostsComments called ","timestamp":"2023-10-15T12:46:46.398Z"}
{"level":"info","message":"Post page called ","timestamp":"2023-10-15T12:46:46.400Z"}
{"level":"info","message":"Server getBlogPost called ","timestamp":"2023-10-15T12:46:46.400Z"}
{"level":"info","message":"Post page called ","timestamp":"2023-10-15T12:46:46.403Z"}
{"level":"info","message":"Post page called ","timestamp":"2023-10-15T12:46:46.403Z"}
{"level":"info","message":"Server getBlogPost called ","timestamp":"2023-10-15T12:46:46.403Z"}
{"level":"info","message":"Post page called ","timestamp":"2023-10-15T12:46:46.405Z"}
{"level":"info","message":"Server getBlogPost called ","timestamp":"2023-10-15T12:46:46.403Z"}
{"level":"info","message":"Server getBlogPost called ","timestamp":"2023-10-15T12:46:46.405Z"}
{"level":"info","message":"Post page called ","timestamp":"2023-10-15T12:46:46.407Z"}
{"level":"info","message":"Server getBlogPost called ","timestamp":"2023-10-15T12:46:46.407Z"}
{"level":"info","message":"Server getPostsComments called ","timestamp":"2023-10-15T12:46:46.408Z"}
{"level":"info","message":"Server getPostsComments called ","timestamp":"2023-10-15T12:46:46.410Z"}
{"level":"info","message":"Server getPostsComments called ","timestamp":"2023-10-15T12:46:46.411Z"}
{"level":"info","message":"Server getPostsComments called ","timestamp":"2023-10-15T12:46:46.412Z"}
{"level":"info","message":"Server getPostsComments called ","timestamp":"2023-10-15T12:46:46.414Z"}
{"level":"info","message":"Server getPostsComments called ","timestamp":"2023-10-15T12:46:46.420Z"}
{"level":"info","message":"Post page called ","timestamp":"2023-10-15T12:46:46.424Z"}
{"level":"info","message":"Server getBlogPost called ","timestamp":"2023-10-15T12:46:46.424Z"}
{"level":"info","message":"Post page called ","timestamp":"2023-10-15T12:46:46.425Z"}
{"level":"info","message":"Server getBlogPost called ","timestamp":"2023-10-15T12:46:46.425Z"}
{"level":"info","message":"Post page called ","timestamp":"2023-10-15T12:46:46.426Z"}
{"level":"info","message":"Server getBlogPost called ","timestamp":"2023-10-15T12:46:46.426Z"}
{"level":"info","message":"Post page called ","timestamp":"2023-10-15T12:46:46.432Z"}
{"level":"info","message":"Server getBlogPost called ","timestamp":"2023-10-15T12:46:46.432Z"}
{"level":"info","message":"Server getPostsComments called ","timestamp":"2023-10-15T12:46:46.434Z"}
{"level":"info","message":"Server getPostsComments called ","timestamp":"2023-10-15T12:46:46.435Z"}
{"level":"info","message":"Server getPostsComments called ","timestamp":"2023-10-15T12:46:46.436Z"}
{"level":"info","message":"Post page called ","timestamp":"2023-10-15T12:46:46.436Z"}
{"level":"info","message":"Server getBlogPost called ","timestamp":"2023-10-15T12:46:46.437Z"}
{"level":"info","message":"Server getPostsComments called ","timestamp":"2023-10-15T12:46:46.439Z"}
{"level":"info","message":"Post page called ","timestamp":"2023-10-15T12:46:46.442Z"}
{"level":"info","message":"Server getBlogPost called ","timestamp":"2023-10-15T12:46:46.442Z"}
{"level":"info","message":"Server getPostsComments called ","timestamp":"2023-10-15T12:46:46.444Z"}
{"level":"info","message":"Post page called ","timestamp":"2023-10-15T12:46:46.448Z"}
{"level":"info","message":"Server getBlogPost called ","timestamp":"2023-10-15T12:46:46.448Z"}
{"level":"info","message":"Server getPostsComments called ","timestamp":"2023-10-15T12:46:46.449Z"}
{"level":"info","message":"Post page called ","timestamp":"2023-10-15T12:46:46.449Z"}
{"level":"info","message":"Server getBlogPost called ","timestamp":"2023-10-15T12:46:46.449Z"}
{"level":"info","message":"Post page called ","timestamp":"2023-10-15T12:46:46.450Z"}
{"level":"info","message":"Server getBlogPost called ","timestamp":"2023-10-15T12:46:46.451Z"}
{"level":"info","message":"Server getPostsComments called ","timestamp":"2023-10-15T12:46:46.456Z"}
{"level":"info","message":"Server getPostsComments called ","timestamp":"2023-10-15T12:46:46.457Z"}
{"level":"info","message":"Server getPostsComments called ","timestamp":"2023-10-15T12:46:46.457Z"}
{"level":"info","message":"Post page called ","timestamp":"2023-10-15T12:46:46.461Z"}
{"level":"info","message":"Server getBlogPost called ","timestamp":"2023-10-15T12:46:46.461Z"}
{"level":"info","message":"Server getPostsComments called ","timestamp":"2023-10-15T12:46:46.466Z"}
